<?xml version="1.0" encoding="UTF-8"?>
<testng-results skipped="0" failed="0" total="1" passed="1">
  <reporter-output>
  </reporter-output>
  <suite name="Default suite" duration-ms="11291" started-at="2016-06-29T04:29:05Z" finished-at="2016-06-29T04:29:16Z">
    <groups>
    </groups>
    <test name="Default test" duration-ms="11291" started-at="2016-06-29T04:29:05Z" finished-at="2016-06-29T04:29:16Z">
      <class name="com.qedge.testcases.VerifyingLoginandLogout">
        <test-method status="PASS" signature="loginWithValidCredentials()[pri:0, instance:com.qedge.testcases.VerifyingLoginandLogout@2a5ca609]" name="loginWithValidCredentials" duration-ms="11271" started-at="2016-06-29T09:59:05Z" finished-at="2016-06-29T09:59:16Z">
          <reporter-output>
          </reporter-output>
        </test-method> <!-- loginWithValidCredentials -->
      </class> <!-- com.qedge.testcases.VerifyingLoginandLogout -->
    </test> <!-- Default test -->
  </suite> <!-- Default suite -->
</testng-results>
